{
  "RSpec": {
    "coverage": {
      "/Users/reiz/workspace/versioneye/versioneye-core/lib/versioneye-core.rb": [
        1,
        1,
        1,
        1,
        1,
        1,
        1,
        1,
        null,
        1,
        1,
        1,
        null,
        1,
        null,
        1,
        1,
        1,
        1,
        1,
        1,
        1,
        1,
        1,
        1,
        1,
        null,
        null,
        1,
        1,
        1,
        null,
        0,
        0,
        null,
        null,
        1,
        1,
        1,
        1,
        1,
        1,
        null,
        0,
        0,
        null,
        null,
        1,
        1,
        1,
        1,
        null,
        1,
        null,
        0,
        0,
        null,
        null,
        1,
        1,
        1,
        1,
        null,
        1,
        null,
        0,
        0,
        null,
        null,
        1,
        1,
        1,
        null,
        null,
        1,
        1,
        1,
        1,
        null,
        1,
        1,
        1,
        null,
        null,
        0,
        0,
        null,
        null,
        1,
        1,
        1,
        null,
        0,
        0,
        null,
        null,
        1,
        1,
        1,
        null,
        0,
        0,
        null,
        null,
        1,
        null,
        1,
        0,
        null,
        null,
        null
      ],
      "/Users/reiz/workspace/versioneye/versioneye-core/lib/settings.rb": [
        1,
        1,
        1,
        1,
        null,
        1,
        1,
        null,
        1,
        1,
        1,
        null,
        null,
        1,
        1,
        1,
        1,
        1,
        null,
        1,
        1,
        0,
        null,
        null,
        1,
        2,
        null,
        1,
        56,
        3,
        3,
        null,
        null,
        56,
        112,
        112,
        null,
        null,
        null,
        1,
        5,
        null,
        5,
        5,
        null,
        0,
        0,
        0,
        0,
        0,
        0,
        0,
        0,
        null,
        null,
        0,
        0,
        0,
        null,
        null,
        null
      ],
      "/Users/reiz/workspace/versioneye/versioneye-core/lib/versioneye/model.rb": [
        1,
        1,
        null,
        1,
        null,
        1,
        1,
        1,
        1,
        1,
        1,
        1,
        1,
        1,
        1,
        1,
        1,
        1,
        1,
        1,
        1,
        1,
        1,
        1,
        1,
        1,
        1,
        1,
        1,
        1,
        1,
        1,
        1,
        1,
        1,
        1,
        1,
        1,
        1,
        1,
        1,
        1,
        1,
        1,
        1,
        1,
        1,
        1,
        1,
        1,
        1,
        1,
        1,
        1,
        1,
        1,
        1,
        1,
        1,
        1,
        1,
        1,
        1,
        1,
        1,
        1,
        1,
        null,
        1,
        45,
        null,
        null,
        1,
        350,
        null,
        null,
        1,
        0,
        null,
        null,
        null,
        null
      ],
      "/Users/reiz/workspace/versioneye/versioneye-core/lib/versioneye/log.rb": [
        1,
        1,
        1,
        null,
        1,
        1,
        1,
        1,
        null,
        1,
        1,
        null,
        null,
        1,
        702,
        null,
        null,
        null,
        null
      ],
      "/Users/reiz/workspace/versioneye/versioneye-core/lib/versioneye/models/mail_track.rb": [
        1,
        null,
        1,
        1,
        null,
        1,
        1,
        1,
        1,
        null,
        1,
        null,
        1,
        11,
        null,
        null,
        1,
        13,
        13,
        null,
        null,
        1,
        18,
        18,
        null,
        null,
        1,
        18,
        14,
        4,
        2,
        null,
        2,
        null,
        null,
        null,
        null
      ],
      "/Users/reiz/workspace/versioneye/versioneye-core/lib/versioneye/models/badge.rb": [
        1,
        null,
        1,
        1,
        null,
        1,
        1,
        1,
        1,
        1,
        null,
        1,
        1,
        null,
        1,
        1,
        1,
        1,
        1,
        1,
        null,
        1,
        1,
        null,
        1,
        1,
        null,
        null,
        1,
        null,
        null,
        1,
        null,
        null,
        1,
        null,
        null,
        1,
        null,
        null,
        1,
        null,
        1,
        null,
        null,
        null,
        null,
        null
      ],
      "/Users/reiz/workspace/versioneye/versioneye-core/lib/versioneye/models/docker_image.rb": [
        1,
        null,
        1,
        1,
        null,
        1,
        1,
        1,
        null,
        1,
        0,
        null,
        null,
        1,
        0,
        null,
        null,
        1,
        0,
        0,
        null,
        null,
        null,
        null
      ],
      "/Users/reiz/workspace/versioneye/versioneye-core/lib/versioneye/models/api.rb": [
        1,
        null,
        1,
        1,
        null,
        1,
        1,
        1,
        1,
        1,
        null,
        1,
        null,
        1,
        1,
        null,
        null,
        null,
        1,
        0,
        null,
        null,
        1,
        2,
        2,
        2,
        2,
        null,
        null,
        1,
        2,
        2,
        2,
        null,
        null,
        1,
        2,
        null,
        null,
        null
      ],
      "/Users/reiz/workspace/versioneye/versioneye-core/lib/versioneye/models/api_call.rb": [
        1,
        null,
        1,
        1,
        null,
        1,
        1,
        1,
        1,
        1,
        null,
        1,
        1,
        null,
        1,
        null,
        1,
        1,
        1,
        null,
        null
      ],
      "/Users/reiz/workspace/versioneye/versioneye-core/lib/versioneye/models/auditlog.rb": [
        1,
        null,
        1,
        1,
        null,
        1,
        1,
        1,
        1,
        null,
        1,
        null,
        1,
        1,
        1,
        1,
        null,
        1,
        1,
        null,
        null,
        1,
        3,
        null,
        null,
        1,
        1,
        null,
        null,
        null
      ],
      "/Users/reiz/workspace/versioneye/versioneye-core/lib/versioneye/models/billing_address.rb": [
        1,
        null,
        1,
        1,
        null,
        1,
        1,
        null,
        1,
        1,
        null,
        1,
        1,
        1,
        1,
        1,
        1,
        1,
        1,
        1,
        null,
        1,
        1,
        1,
        1,
        1,
        1,
        null,
        1,
        null,
        1,
        null,
        1,
        null,
        1,
        6,
        6,
        6,
        6,
        6,
        6,
        6,
        6,
        6,
        6,
        null,
        null,
        1,
        9,
        5,
        null,
        null,
        1,
        11,
        5,
        null,
        null,
        1,
        null,
        null,
        1,
        11,
        2,
        2,
        null,
        9,
        null,
        null,
        null,
        1,
        9,
        2,
        2,
        null,
        7,
        null,
        null,
        1,
        13,
        2,
        2,
        null,
        11,
        null,
        null,
        null
      ],
      "/Users/reiz/workspace/versioneye/versioneye-core/lib/versioneye/models/helpers/countries.rb": [
        1,
        1,
        null,
        1,
        null,
        null,
        null,
        null,
        null,
        null,
        null,
        null,
        null,
        null,
        null,
        null,
        null,
        null,
        null,
        null,
        null,
        null,
        null,
        null,
        null,
        null,
        null,
        null,
        null,
        null,
        null,
        null,
        null,
        null,
        null,
        null,
        null,
        null,
        null,
        null,
        null,
        null,
        null,
        null,
        null,
        null,
        null,
        null,
        null,
        null,
        null,
        null,
        null,
        null,
        null,
        null,
        null,
        null,
        null,
        null,
        null,
        null,
        null,
        null,
        null,
        null,
        null,
        null,
        null,
        null,
        null,
        null,
        null,
        null,
        null,
        null,
        null,
        null,
        null,
        null,
        null,
        null,
        null,
        null,
        null,
        null,
        null,
        null,
        null,
        null,
        null,
        null,
        null,
        null,
        null,
        null,
        null,
        null,
        null,
        null,
        null,
        null,
        null,
        null,
        null,
        null,
        null,
        null,
        null,
        null,
        null,
        null,
        null,
        null,
        null,
        null,
        null,
        null,
        null,
        null,
        null,
        null,
        null,
        null,
        null,
        null,
        null,
        null,
        null,
        null,
        null,
        null,
        null,
        null,
        null,
        null,
        null,
        null,
        null,
        null,
        null,
        null,
        null,
        null,
        null,
        null,
        null,
        null,
        null,
        null,
        null,
        null,
        null,
        null,
        null,
        null,
        null,
        null,
        null,
        null,
        null,
        null,
        null,
        null,
        null,
        null,
        null,
        null,
        null,
        null,
        null,
        null,
        null,
        null,
        null,
        null,
        null,
        null,
        null,
        null,
        null,
        null,
        null,
        null,
        null,
        null,
        null,
        null,
        null,
        null,
        null,
        null,
        null,
        null,
        null,
        null,
        null,
        null,
        null,
        null,
        null,
        null,
        null,
        null,
        null,
        null,
        null,
        null,
        null,
        null,
        null,
        null,
        null,
        null,
        null,
        null,
        null,
        null,
        null,
        null,
        null,
        null,
        null,
        null,
        null,
        null,
        null,
        null,
        null,
        null,
        null,
        null,
        null,
        null,
        null,
        null,
        null,
        null,
        null,
        null,
        null,
        null,
        null,
        null,
        null,
        null,
        null,
        null,
        null,
        null,
        null,
        null,
        null,
        null,
        null,
        1,
        null,
        null,
        null,
        null,
        null,
        null,
        null,
        null,
        null,
        null,
        null,
        null,
        null,
        null,
        null,
        null,
        null,
        null,
        null,
        null,
        null,
        null,
        null,
        null,
        null,
        null,
        null,
        null,
        null,
        null,
        null,
        null
      ],
      "/Users/reiz/workspace/versioneye/versioneye-core/lib/versioneye/models/helpers/billing_types.rb": [
        1,
        1,
        null,
        1,
        1,
        null,
        null,
        null
      ],
      "/Users/reiz/workspace/versioneye/versioneye-core/lib/versioneye/models/bitbucket_repo.rb": [
        1,
        null,
        1,
        null,
        1,
        1,
        1,
        1,
        1,
        1,
        1,
        1,
        1,
        1,
        1,
        1,
        1,
        1,
        1,
        1,
        1,
        null,
        1,
        null,
        1,
        1,
        1,
        1,
        1,
        1,
        null,
        1,
        7,
        1,
        7,
        null,
        null,
        1,
        5,
        5,
        0,
        null,
        null,
        null,
        5,
        5,
        5,
        null,
        null,
        1,
        7,
        7,
        6,
        null,
        null,
        7,
        null,
        null,
        1,
        7,
        null,
        7,
        null,
        7,
        7,
        7,
        7,
        7,
        null,
        7,
        7,
        null,
        null,
        null,
        null,
        null,
        null,
        null,
        null,
        null,
        null,
        null,
        null,
        null,
        null,
        null,
        null,
        null,
        7,
        null,
        0,
        0,
        0,
        null,
        null,
        null
      ],
      "/Users/reiz/workspace/versioneye/versioneye-core/lib/versioneye/models/circle_element.rb": [
        1,
        null,
        1,
        1,
        null,
        null,
        null,
        null,
        null,
        1,
        1,
        1,
        1,
        null,
        null,
        1,
        1,
        1,
        1,
        1,
        1,
        null,
        1,
        null,
        1,
        0,
        null,
        null,
        1,
        1,
        1,
        null,
        null,
        1,
        0,
        0,
        0,
        0,
        0,
        0,
        0,
        0,
        null,
        null,
        0,
        0,
        null,
        null,
        null,
        1,
        0,
        0,
        0,
        0,
        null,
        0,
        0,
        null,
        null,
        1,
        0,
        0,
        0,
        0,
        null,
        0,
        0,
        null,
        null,
        1,
        null,
        null,
        null,
        null,
        0,
        null,
        null,
        null
      ],
      "/Users/reiz/workspace/versioneye/versioneye-core/lib/versioneye/models/crawle.rb": [
        1,
        null,
        1,
        1,
        null,
        1,
        1,
        1,
        1,
        1,
        1,
        null,
        1,
        null,
        1,
        0,
        null,
        null,
        1,
        0,
        null,
        null,
        null
      ],
      "/Users/reiz/workspace/versioneye/versioneye-core/lib/versioneye/models/crawler_task.rb": [
        1,
        null,
        1,
        1,
        null,
        1,
        1,
        1,
        1,
        1,
        1,
        1,
        1,
        1,
        1,
        1,
        1,
        1,
        1,
        1,
        1,
        1,
        1,
        null,
        1,
        1,
        null,
        1,
        1,
        1,
        1,
        1,
        1,
        null,
        null
      ],
      "/Users/reiz/workspace/versioneye/versioneye-core/lib/versioneye/models/dependency.rb": [
        1,
        null,
        1,
        1,
        null,
        null,
        null,
        null,
        1,
        1,
        null,
        1,
        1,
        1,
        1,
        1,
        1,
        1,
        1,
        null,
        null,
        null,
        null,
        null,
        null,
        1,
        1,
        1,
        1,
        null,
        null,
        1,
        1,
        1,
        1,
        1,
        1,
        null,
        null,
        null,
        1,
        null,
        null,
        1,
        null,
        1,
        1,
        null,
        1,
        1,
        1,
        1,
        null,
        null,
        1,
        1,
        null,
        null,
        1,
        9,
        9,
        null,
        null,
        1,
        12,
        12,
        11,
        null,
        1,
        null,
        null,
        null,
        1,
        2,
        2,
        1,
        null,
        null,
        1,
        27,
        8,
        8,
        null,
        null,
        null,
        1,
        19,
        null,
        null,
        null,
        null,
        null,
        null,
        null,
        1,
        0,
        null,
        null,
        1,
        0,
        null,
        null,
        1,
        0,
        null,
        null,
        1,
        2,
        2,
        null,
        null,
        1,
        0,
        null,
        null,
        1,
        16,
        1,
        null,
        null,
        15,
        2,
        13,
        11,
        2,
        1,
        1,
        0,
        null,
        null,
        null,
        1,
        0,
        null,
        null,
        1,
        0,
        null,
        0,
        0,
        null,
        null,
        1,
        0,
        null,
        null,
        1,
        30,
        30,
        30,
        30,
        30,
        30,
        30,
        30,
        30,
        30,
        null,
        null,
        1,
        null,
        1,
        21,
        21,
        0,
        null,
        21,
        null,
        null,
        null,
        null
      ],
      "/Users/reiz/workspace/versioneye/versioneye-core/lib/versioneye/models/project.rb": [
        1,
        null,
        1,
        1,
        null,
        1,
        1,
        1,
        1,
        1,
        1,
        1,
        1,
        1,
        1,
        1,
        1,
        1,
        null,
        1,
        1,
        1,
        1,
        1,
        1,
        null,
        1,
        1,
        1,
        null,
        1,
        1,
        1,
        1,
        null,
        1,
        1,
        null,
        1,
        1,
        1,
        1,
        1,
        1,
        1,
        1,
        1,
        1,
        null,
        1,
        1,
        1,
        null,
        1,
        1,
        1,
        1,
        1,
        1,
        null,
        null,
        1,
        1,
        1,
        1,
        1,
        1,
        null,
        1,
        1,
        1,
        null,
        1,
        null,
        1,
        null,
        1,
        1,
        null,
        1,
        1,
        1,
        null,
        1,
        1,
        1,
        1,
        1,
        null,
        9,
        209,
        2,
        1,
        1,
        11,
        12,
        1,
        null,
        1,
        null,
        1,
        null,
        1,
        10,
        null,
        null,
        1,
        98,
        null,
        null,
        1,
        4,
        null,
        null,
        1,
        100,
        null,
        null,
        1,
        0,
        0,
        0,
        0,
        null,
        0,
        null,
        null,
        1,
        468,
        0,
        0,
        0,
        0,
        null,
        0,
        null,
        null,
        1,
        1,
        1,
        4,
        null,
        null,
        1,
        4,
        4,
        4,
        null,
        null,
        1,
        20,
        20,
        20,
        null,
        null,
        1,
        3,
        3,
        3,
        null,
        null,
        1,
        37,
        null,
        0,
        0,
        0,
        null,
        null,
        1,
        3,
        null,
        null,
        1,
        15,
        null,
        null,
        1,
        12,
        null,
        null,
        1,
        2,
        null,
        null,
        1,
        9,
        8,
        7,
        6,
        3,
        2,
        null,
        null,
        1,
        11,
        10,
        5,
        5,
        null,
        null,
        null,
        null,
        1,
        69,
        44,
        null,
        0,
        0,
        null,
        null,
        1,
        0,
        0,
        null,
        null,
        null,
        1,
        12,
        11,
        6,
        null,
        null,
        1,
        8,
        null,
        null,
        1,
        3,
        null,
        null,
        1,
        19,
        60,
        null,
        19,
        null,
        null,
        1,
        359,
        null,
        null,
        1,
        15,
        15,
        15,
        15,
        3,
        3,
        3,
        null,
        15,
        null,
        null,
        1,
        218,
        216,
        null,
        null,
        null,
        1,
        216,
        null,
        208,
        208,
        208,
        208,
        0,
        null,
        null,
        208,
        null,
        null,
        null,
        208,
        208,
        null,
        0,
        0,
        0,
        null,
        null,
        1,
        12,
        null,
        12,
        12,
        12,
        12,
        12,
        12,
        12,
        1,
        null,
        null,
        12,
        null,
        12,
        null,
        null,
        1,
        13,
        13,
        13,
        13,
        13,
        133,
        133,
        1,
        1,
        1,
        1,
        1,
        null,
        133,
        133,
        null,
        null,
        null,
        1,
        5,
        null,
        3,
        3,
        null,
        2,
        null,
        null,
        1,
        10,
        10,
        210,
        10,
        null,
        null,
        1,
        68,
        68,
        68,
        68,
        68,
        68,
        68,
        null,
        null,
        1,
        16,
        16,
        16,
        16,
        16,
        16,
        16,
        null,
        null,
        1,
        0,
        null,
        null,
        1,
        1,
        null,
        null,
        1,
        null,
        1,
        136,
        null,
        null,
        1,
        546,
        null,
        null,
        null
      ],
      "/Users/reiz/workspace/versioneye/versioneye-core/lib/versioneye/models/product.rb": [
        1,
        null,
        1,
        1,
        null,
        1,
        1,
        null,
        1,
        1,
        null,
        1,
        1,
        1,
        1,
        1,
        1,
        1,
        null,
        1,
        1,
        1,
        1,
        1,
        null,
        1,
        1,
        null,
        1,
        1,
        1,
        1,
        1,
        null,
        1,
        null,
        1,
        null,
        1,
        1,
        null,
        1,
        null,
        1,
        1,
        1,
        1,
        null,
        null,
        1,
        1,
        1,
        1,
        1,
        1,
        1,
        1,
        1,
        null,
        1,
        1,
        1,
        null,
        2113,
        null,
        null,
        1,
        0,
        null,
        null,
        1,
        1422,
        1422,
        null,
        null,
        1,
        1,
        null,
        null,
        1,
        21,
        null,
        null,
        1,
        2,
        1,
        null,
        1,
        null,
        null,
        1,
        0,
        0,
        null,
        null,
        1,
        0,
        0,
        0,
        null,
        null,
        1,
        3,
        3,
        null,
        null,
        1,
        1,
        1,
        null,
        null,
        null,
        null,
        1,
        5,
        null,
        1,
        1,
        null,
        null,
        1,
        5514,
        3477,
        null,
        3476,
        3476,
        3476,
        null,
        null,
        1,
        15,
        null,
        14,
        14,
        14,
        null,
        null,
        null,
        1,
        6,
        null,
        null,
        1,
        6325,
        null,
        null,
        1,
        1986,
        null,
        1984,
        1984,
        21,
        null,
        1984,
        1970,
        null,
        1984,
        null,
        null,
        1,
        4,
        3,
        null,
        1,
        null,
        null,
        null,
        null,
        1,
        4,
        null,
        0,
        0,
        0,
        null,
        null,
        1,
        1272,
        4298,
        null,
        null,
        null,
        0,
        0,
        null,
        null,
        1,
        9,
        null,
        null,
        1,
        644,
        null,
        612,
        612,
        612,
        612,
        null,
        null,
        1,
        3,
        5,
        2,
        2,
        2,
        2,
        null,
        null,
        1,
        null,
        null,
        1,
        7,
        2,
        2,
        null,
        null,
        null,
        null,
        null,
        1,
        27,
        24,
        null,
        null,
        1,
        5,
        2,
        null,
        null,
        1,
        7061,
        7058,
        null,
        null,
        1,
        2294,
        2291,
        2289,
        2289,
        2288,
        2287,
        2286,
        2286,
        2286,
        2286,
        2286,
        2286,
        null,
        null,
        1,
        0,
        null,
        null,
        null,
        null,
        1,
        0,
        0,
        0,
        null,
        null,
        1,
        0,
        0,
        0,
        0,
        0,
        0,
        null,
        0,
        null,
        null,
        null,
        1,
        0,
        0,
        0,
        null,
        null,
        1,
        1,
        null,
        null,
        1,
        0,
        0,
        0,
        null,
        0,
        null,
        null,
        null,
        1,
        33,
        33,
        null,
        null,
        1,
        18,
        18,
        10,
        null,
        null,
        1,
        0,
        null,
        null,
        null,
        null,
        1,
        806,
        806,
        806,
        806,
        null,
        806,
        806,
        null,
        806,
        null,
        null,
        1,
        0,
        0,
        0,
        0,
        0,
        null,
        0,
        0,
        null,
        0,
        null,
        null,
        1,
        0,
        null,
        null,
        1,
        9,
        9,
        9,
        9,
        null,
        9,
        null,
        null,
        1,
        6,
        6,
        null,
        null,
        null,
        null,
        null,
        1,
        4,
        4,
        null,
        null,
        null,
        null,
        null,
        1,
        2,
        2,
        null,
        null,
        null,
        null,
        1,
        1,
        1,
        1,
        1,
        null,
        null,
        1,
        0,
        null,
        null,
        1,
        1,
        null,
        null,
        1,
        0,
        null,
        null,
        1,
        0,
        null,
        null,
        1,
        0,
        null,
        null,
        1,
        0,
        null,
        null,
        1,
        null,
        1,
        1612,
        null,
        66,
        85,
        83,
        83,
        null,
        null,
        null,
        null,
        1,
        0,
        0,
        0,
        null,
        null,
        1,
        6,
        6,
        null,
        4,
        4,
        4,
        4,
        null,
        4,
        0,
        null,
        null,
        4,
        null,
        4,
        null,
        null,
        null
      ],
      "/Users/reiz/workspace/versioneye/versioneye-core/lib/versioneye/models/helpers/product_constants.rb": [
        1,
        1,
        null,
        1,
        1,
        1,
        1,
        1,
        1,
        1,
        1,
        1,
        1,
        1,
        1,
        1,
        1,
        1,
        1,
        1,
        1,
        1,
        1,
        1,
        null,
        null,
        1,
        null,
        null,
        1,
        null,
        null,
        1,
        null,
        null,
        1,
        null,
        1,
        null,
        1,
        null,
        null,
        null
      ],
      "/Users/reiz/workspace/versioneye/versioneye-core/lib/versioneye/models/helpers/product_es_mapping.rb": [
        1,
        1,
        null,
        1,
        null,
        null,
        null,
        null,
        null,
        null,
        null,
        null,
        null,
        null,
        null,
        null,
        255,
        null,
        null,
        null,
        null
      ],
      "/Users/reiz/workspace/versioneye/versioneye-core/lib/versioneye/models/developer.rb": [
        1,
        null,
        1,
        1,
        null,
        null,
        1,
        1,
        1,
        null,
        null,
        1,
        null,
        1,
        1,
        1,
        1,
        1,
        1,
        1,
        1,
        1,
        null,
        1,
        null,
        null,
        1,
        1,
        1,
        1,
        null,
        null,
        1,
        null,
        null,
        1,
        0,
        null,
        null,
        null,
        1,
        3,
        1,
        0,
        null,
        null,
        null,
        1,
        8,
        null,
        null,
        null,
        1,
        15,
        null,
        null,
        null,
        1,
        3,
        0,
        null,
        3,
        null,
        null,
        null,
        null,
        null
      ],
      "/Users/reiz/workspace/versioneye/versioneye-core/lib/versioneye/models/author.rb": [
        1,
        null,
        1,
        1,
        null,
        1,
        1,
        1,
        1,
        1,
        1,
        1,
        1,
        1,
        null,
        1,
        1,
        null,
        1,
        1,
        null,
        1,
        1,
        1,
        null,
        1,
        null,
        1,
        null,
        1,
        null,
        null,
        null,
        1,
        1,
        null,
        null,
        null,
        1,
        2,
        1,
        null,
        null,
        null,
        1,
        5,
        null,
        null,
        null,
        1,
        null,
        null,
        null,
        20,
        null,
        null,
        null,
        1,
        8,
        8,
        8,
        8,
        8,
        null,
        8,
        8,
        null,
        8,
        null,
        null,
        null,
        1,
        7,
        7,
        7,
        7,
        7,
        7,
        7,
        7,
        7,
        7,
        7,
        null,
        7,
        null,
        null,
        null,
        null
      ],
      "/Users/reiz/workspace/versioneye/versioneye-core/lib/versioneye/models/error_message.rb": [
        1,
        null,
        1,
        1,
        null,
        1,
        1,
        1,
        null,
        1,
        null,
        1,
        0,
        0,
        0,
        null,
        null,
        null
      ],
      "/Users/reiz/workspace/versioneye/versioneye-core/lib/versioneye/models/event.rb": [
        1,
        null,
        1,
        1,
        null,
        1,
        null,
        1,
        1,
        1,
        1,
        1,
        1,
        null,
        1,
        1,
        null,
        1,
        1,
        null,
        null
      ],
      "/Users/reiz/workspace/versioneye/versioneye-core/lib/versioneye/models/email_setting.rb": [
        1,
        null,
        1,
        1,
        null,
        1,
        1,
        1,
        1,
        1,
        1,
        1,
        1,
        1,
        null,
        1,
        1,
        1,
        1,
        null,
        1,
        6,
        6,
        6,
        null,
        null,
        1,
        0,
        0,
        0,
        0,
        0,
        0,
        0,
        0,
        0,
        null,
        0,
        0,
        0,
        0,
        null,
        0,
        0,
        null,
        null,
        null
      ],
      "/Users/reiz/workspace/versioneye/versioneye-core/lib/versioneye/models/enterprise_lead.rb": [
        1,
        null,
        1,
        1,
        null,
        1,
        1,
        1,
        1,
        1,
        1,
        1,
        null,
        1,
        1,
        1,
        1,
        1,
        1,
        null,
        null
      ],
      "/Users/reiz/workspace/versioneye/versioneye-core/lib/versioneye/models/github_repo.rb": [
        1,
        null,
        1,
        null,
        1,
        1,
        1,
        1,
        1,
        1,
        1,
        1,
        1,
        1,
        1,
        1,
        1,
        1,
        1,
        1,
        1,
        1,
        1,
        1,
        1,
        1,
        1,
        1,
        1,
        null,
        1,
        null,
        1,
        1,
        1,
        1,
        1,
        1,
        1,
        1,
        null,
        1,
        1,
        1,
        1,
        1,
        1,
        null,
        null,
        1,
        0,
        0,
        null,
        0,
        null,
        0,
        null,
        0,
        0,
        null,
        0,
        null,
        null,
        0,
        null,
        null,
        0,
        null,
        null,
        null,
        1,
        0,
        0,
        0,
        0,
        0,
        null,
        null,
        0,
        null,
        0,
        0,
        0,
        null,
        null,
        null,
        1,
        0,
        null,
        0,
        null,
        0,
        0,
        null,
        0,
        0,
        null,
        null,
        null,
        null,
        null,
        null,
        null,
        null,
        null,
        null,
        null,
        null,
        null,
        null,
        null,
        null,
        null,
        null,
        null,
        null,
        null,
        null,
        null,
        null,
        null,
        null,
        null,
        0,
        null,
        0,
        0,
        0,
        null,
        null,
        null
      ],
      "/Users/reiz/workspace/versioneye/versioneye-core/lib/versioneye/models/stash_repo.rb": [
        1,
        null,
        1,
        null,
        1,
        1,
        1,
        1,
        1,
        1,
        1,
        1,
        1,
        1,
        1,
        1,
        null,
        1,
        null,
        1,
        1,
        null,
        1,
        1,
        null,
        null,
        1,
        0,
        null,
        0,
        0,
        0,
        null,
        0,
        0,
        null,
        null,
        null,
        null,
        null,
        null,
        null,
        null,
        null,
        null,
        0,
        null,
        0,
        0,
        0,
        null,
        null,
        null,
        null
      ],
      "/Users/reiz/workspace/versioneye/versioneye-core/lib/versioneye/models/json_cache.rb": [
        1,
        null,
        1,
        1,
        null,
        1,
        1,
        null,
        1,
        1,
        null,
        1,
        0,
        null,
        null,
        1,
        0,
        null,
        null,
        null
      ],
      "/Users/reiz/workspace/versioneye/versioneye-core/lib/versioneye/models/language.rb": [
        1,
        null,
        1,
        1,
        null,
        1,
        null,
        1,
        1,
        1,
        1,
        1,
        1,
        null,
        1,
        1,
        1,
        1,
        1,
        1,
        1,
        1,
        null,
        1,
        null,
        null
      ],
      "/Users/reiz/workspace/versioneye/versioneye-core/lib/versioneye/models/language_daily_stats.rb": [
        1,
        null,
        1,
        1,
        null,
        1,
        1,
        1,
        null,
        1,
        1,
        1,
        1,
        1,
        1,
        1,
        1,
        1,
        null,
        1,
        1,
        1,
        null,
        1,
        null,
        null,
        null,
        null,
        null,
        2112,
        null,
        null,
        1,
        8,
        8,
        192,
        192,
        192,
        192,
        192,
        null,
        null,
        0,
        0,
        0,
        null,
        null,
        1,
        192,
        2112,
        2112,
        null,
        null,
        null,
        1,
        7021,
        7021,
        7021,
        7021,
        null,
        null,
        1,
        387,
        null,
        null,
        1,
        192,
        192,
        null,
        192,
        192,
        192,
        null,
        192,
        192,
        null,
        null,
        1,
        192,
        192,
        192,
        192,
        192,
        192,
        null,
        null,
        1,
        192,
        192,
        192,
        192,
        null,
        13,
        223,
        null,
        null,
        null,
        1,
        223,
        0,
        0,
        null,
        null,
        223,
        223,
        0,
        0,
        null,
        null,
        223,
        223,
        null,
        223,
        223,
        223,
        null,
        null,
        223,
        null,
        null,
        1,
        192,
        192,
        2112,
        2112,
        2112,
        null,
        null,
        null,
        1,
        192,
        192,
        2112,
        null,
        2112,
        2112,
        2112,
        2112,
        null,
        null,
        0,
        0,
        0,
        null,
        null,
        null,
        1,
        2113,
        null,
        null,
        null,
        null,
        2113,
        2112,
        null,
        0,
        0,
        0,
        null,
        null,
        null,
        1,
        223,
        null,
        null,
        1,
        0,
        null,
        null,
        1,
        2112,
        null,
        null,
        1,
        2112,
        null,
        null,
        1,
        42,
        42,
        504,
        714,
        null,
        null,
        null,
        1,
        42,
        0,
        0,
        null,
        42,
        null,
        null,
        1,
        5,
        5,
        39,
        39,
        374,
        1870,
        null,
        null,
        null,
        5,
        null,
        null,
        null,
        1,
        0,
        0,
        0,
        null,
        null,
        1,
        5,
        null,
        null,
        1,
        2,
        2,
        2,
        null,
        null,
        1,
        1,
        1,
        1,
        null,
        null,
        null,
        1,
        0,
        0,
        0,
        null,
        null,
        null,
        1,
        1,
        1,
        1,
        1,
        null,
        null,
        1,
        1,
        1,
        1,
        1,
        null,
        null,
        null,
        1,
        1,
        1,
        1,
        1,
        null,
        null,
        1,
        0,
        null,
        null,
        1,
        1,
        1,
        1,
        null,
        null,
        1,
        1,
        1,
        1,
        1,
        null,
        null,
        null,
        null,
        1,
        0,
        null,
        0,
        0,
        null,
        0,
        0,
        0,
        0,
        null,
        0,
        null,
        null,
        null,
        null,
        null,
        null,
        0,
        null,
        0,
        null,
        null,
        1,
        0,
        null,
        0,
        0,
        null,
        0,
        0,
        null,
        0,
        0,
        null,
        0,
        0,
        null,
        0,
        0,
        null,
        0,
        0,
        null,
        0,
        null,
        null,
        1,
        0,
        0,
        null,
        null,
        1,
        0,
        0,
        null,
        null,
        1,
        0,
        0,
        0,
        null,
        0,
        0,
        0,
        0,
        null,
        null,
        null,
        null,
        null,
        0,
        null,
        0,
        null,
        null,
        1,
        0,
        null,
        null,
        1,
        0,
        null,
        null,
        1,
        null,
        null,
        1,
        223,
        223,
        223,
        223,
        223,
        223,
        null,
        null,
        null
      ],
      "/Users/reiz/workspace/versioneye/versioneye-core/lib/versioneye/models/language_feed.rb": [
        1,
        null,
        1,
        1,
        null,
        1,
        1,
        1,
        null,
        1,
        null,
        null
      ],
      "/Users/reiz/workspace/versioneye/versioneye-core/lib/versioneye/models/license.rb": [
        1,
        null,
        1,
        1,
        null,
        1,
        1,
        null,
        null,
        1,
        1,
        1,
        null,
        1,
        1,
        1,
        1,
        1,
        1,
        null,
        null,
        null,
        1,
        1,
        null,
        1,
        1,
        1,
        null,
        1,
        1,
        null,
        null,
        1,
        809,
        1,
        null,
        808,
        null,
        null,
        null,
        null,
        1,
        806,
        null,
        null,
        1,
        144,
        144,
        null,
        143,
        143,
        143,
        null,
        0,
        null,
        143,
        null,
        null,
        1,
        1,
        0,
        null,
        1,
        null,
        null,
        null,
        null
      ],
      "/Users/reiz/workspace/versioneye/versioneye-core/lib/versioneye/models/traits/license_normalizer.rb": [
        1,
        1,
        null,
        null,
        1,
        1,
        null,
        1,
        null,
        null,
        1,
        583,
        null,
        null,
        null,
        1,
        583,
        null,
        null,
        583,
        583,
        null,
        10,
        null,
        0,
        0,
        0,
        null,
        null,
        null,
        null,
        1,
        null,
        607,
        null,
        607,
        607,
        null,
        370,
        null,
        370,
        352,
        null,
        344,
        null,
        332,
        326,
        null,
        320,
        319,
        316,
        316,
        309,
        300,
        null,
        293,
        283,
        279,
        269,
        263,
        254,
        248,
        null,
        152,
        152,
        152,
        150,
        148,
        null,
        146,
        null,
        146,
        null,
        140,
        null,
        136,
        null,
        135,
        null,
        132,
        null,
        129,
        127,
        123,
        null,
        121,
        116,
        null,
        111,
        106,
        102,
        null,
        71,
        68,
        null,
        62,
        61,
        59,
        57,
        55,
        null,
        52,
        51,
        null,
        46,
        45,
        null,
        38,
        37,
        35,
        null,
        27,
        null,
        18,
        14,
        null,
        10,
        null,
        null,
        null,
        null,
        null,
        1,
        24,
        0,
        0,
        null,
        24,
        null,
        24,
        24,
        null,
        24,
        null,
        null,
        null,
        24,
        null,
        24,
        null,
        24,
        null,
        null,
        null,
        null,
        null,
        null,
        1,
        61,
        61,
        null,
        null,
        null,
        null,
        null,
        null,
        null,
        null,
        44,
        5,
        null,
        null,
        null,
        null,
        null,
        null,
        null,
        39,
        3,
        null,
        null,
        null,
        null,
        null,
        36,
        1,
        null,
        null,
        null,
        null,
        null,
        null,
        null,
        null,
        null,
        35,
        5,
        null,
        null,
        null,
        null,
        null,
        null,
        null,
        30,
        3,
        null,
        null,
        null,
        null,
        null,
        27,
        1,
        null,
        null,
        26,
        null,
        0,
        0,
        0,
        null,
        null,
        null,
        null,
        null,
        1,
        null,
        10,
        null,
        null,
        1,
        null,
        18,
        null,
        null,
        1,
        null,
        14,
        null,
        null,
        null,
        1,
        null,
        152,
        null,
        null,
        null,
        null,
        null,
        1,
        null,
        152,
        null,
        null,
        null,
        null,
        null,
        1,
        null,
        152,
        null,
        null,
        null,
        null,
        null,
        1,
        null,
        150,
        null,
        null,
        null,
        null,
        null,
        1,
        null,
        148,
        null,
        null,
        null,
        null,
        1,
        135,
        null,
        null,
        1,
        null,
        127,
        null,
        null,
        null,
        null,
        1,
        null,
        129,
        null,
        null,
        null,
        null,
        1,
        null,
        123,
        null,
        null,
        null,
        null,
        1,
        null,
        136,
        null,
        null,
        1,
        null,
        146,
        null,
        null,
        null,
        null,
        null,
        1,
        null,
        140,
        null,
        null,
        null,
        null,
        null,
        null,
        null,
        1,
        null,
        71,
        null,
        null,
        null,
        null,
        null,
        null,
        null,
        null,
        null,
        null,
        null,
        1,
        null,
        68,
        null,
        null,
        null,
        null,
        null,
        null,
        null,
        null,
        null,
        null,
        null,
        1,
        27,
        null,
        27,
        null,
        null,
        null,
        null,
        null,
        1,
        35,
        null,
        35,
        1,
        null,
        null,
        null,
        34,
        null,
        null,
        null,
        null,
        null,
        null,
        1,
        37,
        null,
        37,
        null,
        null,
        null,
        1,
        38,
        null,
        38,
        null,
        null,
        1,
        45,
        null,
        45,
        null,
        null,
        null,
        null,
        null,
        null,
        null,
        null,
        null,
        null,
        null,
        null,
        null,
        null,
        1,
        46,
        46,
        46,
        45,
        null,
        null,
        null,
        1,
        52,
        null,
        52,
        null,
        null,
        null,
        null,
        1,
        51,
        null,
        51,
        null,
        null,
        null,
        null,
        null,
        null,
        1,
        null,
        248,
        null,
        null,
        null,
        1,
        283,
        null,
        283,
        null,
        null,
        null,
        null,
        null,
        null,
        null,
        null,
        1,
        293,
        null,
        293,
        null,
        293,
        null,
        null,
        null,
        null,
        null,
        null,
        null,
        null,
        null,
        null,
        null,
        null,
        null,
        null,
        1,
        269,
        null,
        269,
        null,
        null,
        null,
        null,
        null,
        null,
        null,
        null,
        null,
        null,
        1,
        279,
        null,
        279,
        null,
        279,
        null,
        null,
        null,
        null,
        null,
        null,
        null,
        null,
        null,
        null,
        null,
        null,
        null,
        null,
        1,
        344,
        null,
        344,
        null,
        null,
        null,
        null,
        null,
        null,
        null,
        null,
        null,
        null,
        null,
        null,
        null,
        1,
        254,
        null,
        254,
        1,
        null,
        null,
        null,
        253,
        null,
        null,
        null,
        null,
        null,
        null,
        null,
        null,
        1,
        263,
        null,
        263,
        null,
        263,
        null,
        null,
        null,
        null,
        null,
        null,
        null,
        null,
        null,
        null,
        null,
        null,
        null,
        null,
        1,
        326,
        null,
        326,
        null,
        null,
        null,
        null,
        null,
        null,
        1,
        332,
        null,
        332,
        null,
        null,
        null,
        null,
        null,
        null,
        1,
        316,
        null,
        316,
        null,
        null,
        null,
        null,
        null,
        null,
        null,
        null,
        1,
        319,
        null,
        319,
        null,
        null,
        null,
        null,
        null,
        null,
        null,
        1,
        300,
        1,
        null,
        299,
        null,
        299,
        null,
        null,
        null,
        null,
        null,
        null,
        null,
        null,
        null,
        1,
        309,
        null,
        309,
        null,
        null,
        null,
        null,
        null,
        null,
        null,
        null,
        null,
        null,
        1,
        316,
        null,
        316,
        null,
        null,
        null,
        null,
        null,
        null,
        null,
        null,
        null,
        null,
        1,
        320,
        null,
        320,
        null,
        null,
        null,
        null,
        null,
        null,
        null,
        null,
        null,
        null,
        1,
        null,
        62,
        null,
        null,
        1,
        null,
        61,
        null,
        null,
        1,
        null,
        59,
        null,
        null,
        null,
        null,
        1,
        null,
        57,
        null,
        null,
        1,
        null,
        55,
        null,
        null,
        null,
        1,
        106,
        null,
        106,
        null,
        null,
        null,
        null,
        null,
        1,
        111,
        null,
        111,
        null,
        null,
        null,
        null,
        null,
        null,
        1,
        102,
        null,
        102,
        null,
        null,
        null,
        null,
        null,
        null,
        null,
        null,
        1,
        null,
        116,
        null,
        null,
        null,
        null,
        null,
        null,
        1,
        null,
        121,
        null,
        null,
        null,
        null,
        null,
        null,
        1,
        null,
        null,
        null,
        352,
        2,
        null,
        null,
        350,
        null,
        null,
        null,
        null,
        1,
        null,
        null,
        null,
        370,
        2,
        null,
        null,
        368,
        null,
        null,
        null,
        null,
        null,
        null,
        null,
        null,
        null,
        null,
        null,
        null,
        null,
        null,
        null,
        1,
        null,
        132,
        null,
        null,
        null,
        null,
        null,
        1,
        null,
        146,
        null,
        null,
        null,
        null,
        1,
        null,
        1,
        607,
        160807,
        160607,
        null,
        null,
        null,
        null,
        1,
        370,
        370,
        370,
        null,
        370,
        370,
        null,
        370,
        370,
        null,
        370,
        null,
        370,
        370,
        null,
        370,
        370,
        null,
        370,
        366,
        366,
        366,
        366,
        366,
        366,
        366,
        null,
        null,
        370,
        null,
        null,
        1,
        607,
        null,
        null,
        1,
        null,
        1,
        1,
        1,
        1,
        1,
        1,
        1,
        1,
        1,
        1,
        1,
        1,
        1,
        1,
        1,
        1,
        1,
        1,
        1,
        1,
        1,
        1,
        1,
        1,
        1,
        1,
        1,
        1,
        1,
        1,
        1,
        1,
        1,
        1,
        1,
        1,
        1,
        1,
        1,
        1,
        1,
        1,
        1,
        1,
        1,
        1,
        1,
        1,
        1,
        1,
        1,
        1,
        1,
        1,
        1,
        1,
        1,
        1,
        1,
        1,
        1,
        1,
        1,
        1,
        1,
        1,
        1,
        1,
        1,
        1,
        1,
        1,
        1,
        1,
        1,
        1,
        1,
        1,
        1,
        1,
        1,
        1,
        1,
        1,
        1,
        1,
        1,
        1,
        1,
        1,
        1,
        1,
        1,
        1,
        1,
        1,
        1,
        1,
        1,
        1,
        1,
        1,
        1,
        1,
        1,
        1,
        1,
        1,
        1,
        1,
        1,
        1,
        1,
        1,
        1,
        1,
        1,
        1,
        1,
        1,
        1,
        1,
        1,
        1,
        1,
        1,
        1,
        1,
        1,
        1,
        1,
        1,
        1,
        1,
        1,
        1,
        1,
        1,
        1,
        1,
        1,
        1,
        1,
        1,
        1,
        1,
        1,
        1,
        1,
        1,
        1,
        1,
        1,
        1,
        1,
        1,
        1,
        1,
        1,
        1,
        1,
        1,
        1,
        1,
        1,
        1,
        1,
        1,
        1,
        1,
        1,
        1,
        1,
        1,
        1,
        1,
        1,
        1,
        1,
        1,
        1,
        1,
        1,
        1,
        1,
        1,
        1,
        1,
        1,
        1,
        1,
        1,
        1,
        1,
        1,
        1,
        1,
        1,
        1,
        1,
        1,
        1,
        1,
        1,
        1,
        1,
        1,
        1,
        1,
        1,
        1,
        1,
        1,
        1,
        1,
        1,
        1,
        1,
        1,
        1,
        1,
        1,
        1,
        1,
        1,
        1,
        1,
        1,
        1,
        1,
        1,
        1,
        1,
        1,
        1,
        1,
        1,
        1,
        1,
        1,
        1,
        1,
        1,
        1,
        1,
        1,
        1,
        1,
        1,
        1,
        1,
        1,
        1,
        1,
        1,
        1,
        1,
        1,
        1,
        1,
        1,
        1,
        1,
        1,
        1,
        1,
        1,
        1,
        1,
        1,
        1,
        1,
        1,
        1,
        1,
        1,
        1,
        1,
        1,
        1,
        1,
        1,
        1,
        1,
        1,
        1,
        1,
        1,
        1,
        1,
        1,
        1,
        1,
        1,
        1,
        null,
        1,
        1,
        1,
        1,
        1,
        1,
        1,
        1,
        1,
        1,
        1,
        1,
        1,
        1,
        1,
        1,
        null,
        1,
        null,
        null,
        null,
        null,
        null
      ],
      "/Users/reiz/workspace/versioneye/versioneye-core/lib/versioneye/models/license_whitelist.rb": [
        1,
        null,
        1,
        1,
        null,
        1,
        1,
        1,
        null,
        1,
        null,
        1,
        null,
        1,
        null,
        1,
        null,
        41,
        26,
        null,
        1,
        1,
        null,
        null,
        1,
        1,
        null,
        null,
        1,
        1,
        null,
        null,
        1,
        18,
        null,
        null,
        1,
        23,
        3,
        null,
        null,
        null,
        0,
        0,
        null,
        null,
        1,
        7,
        null,
        null,
        1,
        23,
        22,
        22,
        null,
        null,
        null,
        1,
        4,
        5,
        3,
        3,
        3,
        null,
        null,
        1,
        null,
        null,
        1,
        26,
        25,
        null,
        15,
        null,
        null,
        1,
        2,
        null,
        null,
        null
      ],
      "/Users/reiz/workspace/versioneye/versioneye-core/lib/versioneye/models/license_element.rb": [
        1,
        null,
        1,
        1,
        null,
        1,
        1,
        null,
        1,
        null,
        1,
        null,
        1,
        null,
        1,
        9,
        null,
        null,
        1,
        1,
        null,
        null,
        null
      ],
      "/Users/reiz/workspace/versioneye/versioneye-core/lib/versioneye/models/license_cach.rb": [
        1,
        null,
        1,
        1,
        null,
        1,
        1,
        null,
        null,
        null,
        null,
        1,
        null,
        1,
        null,
        1,
        null,
        1,
        0,
        null,
        null,
        1,
        0,
        null,
        null,
        1,
        0,
        null,
        null,
        null
      ],
      "/Users/reiz/workspace/versioneye/versioneye-core/lib/versioneye/models/lottery.rb": [
        1,
        null,
        1,
        1,
        null,
        1,
        1,
        1,
        1,
        1,
        null,
        1,
        null,
        1,
        null
      ],
      "/Users/reiz/workspace/versioneye/versioneye-core/lib/versioneye/models/maven_repository.rb": [
        1,
        null,
        1,
        1,
        null,
        1,
        1,
        1,
        1,
        null,
        1,
        null,
        1,
        null,
        1,
        1,
        1,
        1,
        1,
        1,
        1,
        1,
        1,
        1,
        1,
        1,
        1,
        1,
        1,
        1,
        1,
        1,
        1,
        1,
        1,
        1,
        1,
        1,
        1,
        1,
        1,
        1,
        1,
        1,
        1,
        1,
        1,
        1,
        1,
        1,
        1,
        1,
        1,
        1,
        1,
        1,
        1,
        1,
        1,
        1,
        1,
        null,
        1,
        45,
        45,
        null,
        null,
        1,
        1,
        null,
        null,
        null,
        null,
        null,
        null,
        null,
        null,
        null
      ],
      "/Users/reiz/workspace/versioneye/versioneye-core/lib/versioneye/models/newest.rb": [
        1,
        null,
        null,
        null,
        null,
        1,
        1,
        null,
        1,
        1,
        1,
        1,
        1,
        1,
        1,
        null,
        1,
        null,
        1,
        1,
        1,
        1,
        1,
        1,
        null,
        null,
        1,
        0,
        null,
        null,
        1,
        2,
        2,
        2,
        null,
        0,
        null,
        null,
        1,
        2,
        null,
        0,
        null,
        null,
        1,
        171,
        null,
        null,
        1,
        0,
        null,
        null,
        1,
        194,
        null,
        null,
        1,
        0,
        0,
        0,
        null,
        0,
        null,
        null,
        1,
        0,
        0,
        0,
        null,
        0,
        null,
        null,
        1,
        0,
        0,
        null,
        null,
        null
      ],
      "/Users/reiz/workspace/versioneye/versioneye-core/lib/versioneye/models/notification.rb": [
        1,
        null,
        1,
        1,
        null,
        1,
        1,
        1,
        1,
        1,
        null,
        1,
        1,
        null,
        1,
        1,
        1,
        null,
        1,
        1,
        null,
        11,
        11,
        1,
        null,
        null,
        1,
        9,
        null,
        null,
        null
      ],
      "/Users/reiz/workspace/versioneye/versioneye-core/lib/versioneye/models/pom.rb": [
        1,
        null,
        1,
        1,
        null,
        1,
        null,
        1,
        null,
        1,
        null,
        null
      ],
      "/Users/reiz/workspace/versioneye/versioneye-core/lib/versioneye/models/plan.rb": [
        1,
        null,
        1,
        1,
        null,
        1,
        1,
        null,
        1,
        1,
        1,
        null,
        1,
        1,
        1,
        null,
        1,
        1,
        1,
        1,
        null,
        1,
        null,
        1,
        4,
        null,
        null,
        1,
        31,
        31,
        31,
        31,
        31,
        31,
        null,
        31,
        31,
        31,
        31,
        31,
        31,
        null,
        31,
        31,
        31,
        31,
        31,
        31,
        null,
        31,
        31,
        31,
        31,
        31,
        31,
        null,
        31,
        31,
        31,
        31,
        31,
        31,
        null,
        31,
        31,
        31,
        31,
        31,
        31,
        null,
        31,
        31,
        31,
        31,
        31,
        31,
        null,
        31,
        31,
        31,
        31,
        31,
        31,
        null,
        null,
        1,
        0,
        null,
        null,
        1,
        868,
        null,
        null,
        1,
        8,
        null,
        null,
        1,
        3,
        null,
        null,
        1,
        3,
        null,
        null,
        1,
        0,
        null,
        null,
        null
      ],
      "/Users/reiz/workspace/versioneye/versioneye-core/lib/versioneye/models/product_resource.rb": [
        1,
        null,
        1,
        null,
        1,
        1,
        1,
        1,
        1,
        1,
        1,
        1,
        1,
        null,
        1,
        null,
        1,
        null,
        1,
        3,
        3,
        2,
        null,
        null,
        null
      ],
      "/Users/reiz/workspace/versioneye/versioneye-core/lib/versioneye/models/project_collaborator.rb": [
        1,
        null,
        1,
        1,
        null,
        1,
        1,
        1,
        1,
        null,
        1,
        null,
        1,
        1,
        1,
        null,
        1,
        null,
        1,
        null,
        1,
        1,
        1,
        1,
        null,
        1,
        1,
        1,
        null,
        1,
        22,
        null,
        null,
        1,
        1,
        null,
        0,
        0,
        null,
        null,
        1,
        9,
        null,
        null,
        1,
        7,
        null,
        null,
        1,
        4,
        null,
        null,
        1,
        9,
        null,
        null,
        1,
        3,
        2,
        null,
        null,
        null,
        1,
        3,
        2,
        2,
        null,
        null,
        1,
        3,
        2,
        null,
        null,
        1,
        1,
        null,
        null,
        null
      ],
      "/Users/reiz/workspace/versioneye/versioneye-core/lib/versioneye/models/projectdependency.rb": [
        1,
        null,
        1,
        null,
        null,
        null,
        null,
        1,
        1,
        null,
        null,
        1,
        1,
        1,
        null,
        1,
        1,
        1,
        null,
        1,
        1,
        1,
        1,
        1,
        1,
        1,
        null,
        1,
        1,
        1,
        1,
        null,
        1,
        null,
        1,
        null,
        1,
        null,
        1,
        null,
        null,
        1,
        null,
        null,
        1,
        5,
        null,
        null,
        null,
        1,
        0,
        0,
        0,
        null,
        null,
        null,
        1,
        5,
        null,
        0,
        null,
        null,
        null,
        1,
        0,
        null,
        null,
        null,
        1,
        0,
        0,
        null,
        null,
        null,
        1,
        2452,
        0,
        0,
        null,
        null,
        2452,
        916,
        916,
        null,
        null,
        2269,
        null,
        null,
        null,
        1,
        2001,
        1,
        1,
        null,
        null,
        2000,
        612,
        612,
        null,
        null,
        1962,
        1962,
        1962,
        1962,
        19,
        19,
        null,
        null,
        1943,
        null,
        null,
        null,
        1,
        219,
        null,
        189,
        189,
        1,
        null,
        189,
        null,
        null,
        null,
        1,
        217,
        null,
        null,
        null,
        1,
        1,
        null,
        null,
        null,
        1,
        0,
        null,
        null,
        null,
        1,
        null,
        null,
        1,
        1943,
        1943,
        1943,
        1943,
        1943,
        1943,
        null,
        null,
        null
      ],
      "/Users/reiz/workspace/versioneye/versioneye-core/lib/versioneye/models/promo_code.rb": [
        1,
        null,
        1,
        1,
        null,
        1,
        1,
        1,
        1,
        null,
        1,
        null,
        1,
        0,
        null,
        null,
        1,
        2,
        null,
        null,
        1,
        2,
        null,
        null,
        1,
        2,
        2,
        null,
        null,
        null
      ],
      "/Users/reiz/workspace/versioneye/versioneye-core/lib/versioneye/models/refer.rb": [
        1,
        null,
        1,
        1,
        null,
        1,
        1,
        1,
        null,
        1,
        0,
        null,
        null,
        null
      ],
      "/Users/reiz/workspace/versioneye/versioneye-core/lib/versioneye/models/receipt.rb": [
        1,
        null,
        1,
        1,
        null,
        1,
        1,
        null,
        1,
        1,
        null,
        null,
        1,
        1,
        1,
        1,
        1,
        1,
        1,
        1,
        1,
        null,
        null,
        1,
        null,
        null,
        1,
        1,
        1,
        1,
        null,
        1,
        1,
        null,
        1,
        1,
        null,
        1,
        null,
        1,
        1,
        null,
        1,
        1,
        1,
        1,
        1,
        1,
        null,
        1,
        1,
        1,
        1,
        1,
        1,
        1,
        null,
        null,
        1,
        null,
        null,
        null,
        1,
        null,
        null,
        null,
        1,
        null,
        1,
        9,
        8,
        7,
        null,
        null,
        1,
        19,
        19,
        19,
        19,
        19,
        19,
        19,
        19,
        19,
        null,
        null,
        1,
        19,
        19,
        19,
        19,
        19,
        19,
        19,
        19,
        null,
        19,
        19,
        19,
        19,
        null,
        null,
        null,
        1,
        17,
        11,
        null,
        null,
        1,
        9,
        6,
        null,
        null,
        1,
        11,
        null,
        null,
        1,
        12,
        7,
        2,
        null,
        5,
        null,
        null,
        1,
        12,
        7,
        4,
        2,
        null,
        null,
        null,
        1,
        8,
        null,
        null,
        1,
        11,
        11,
        null,
        null,
        1,
        1,
        null,
        null,
        null
      ],
      "/Users/reiz/workspace/versioneye/versioneye-core/lib/versioneye/models/receipt_line.rb": [
        1,
        null,
        1,
        1,
        null,
        1,
        1,
        null,
        1,
        1,
        null,
        null,
        1,
        null,
        1,
        1,
        1,
        null,
        1,
        1,
        null,
        1,
        1,
        null,
        1,
        null,
        1,
        null,
        1,
        1,
        1,
        null,
        1,
        1,
        null,
        null,
        1,
        19,
        19,
        19,
        19,
        19,
        19,
        19,
        19,
        19,
        19,
        null,
        null,
        null,
        null,
        1,
        0,
        null,
        null,
        null
      ],
      "/Users/reiz/workspace/versioneye/versioneye-core/lib/versioneye/models/repository.rb": [
        1,
        null,
        1,
        1,
        null,
        1,
        1,
        null,
        1,
        null,
        1,
        null,
        null,
        null,
        1,
        null,
        null,
        1,
        1,
        null,
        null,
        null
      ],
      "/Users/reiz/workspace/versioneye/versioneye-core/lib/versioneye/models/searchlog.rb": [
        1,
        null,
        1,
        1,
        null,
        1,
        1,
        1,
        null,
        null
      ],
      "/Users/reiz/workspace/versioneye/versioneye-core/lib/versioneye/models/security_vulnerability.rb": [
        1,
        null,
        1,
        1,
        null,
        null,
        1,
        1,
        null,
        1,
        1,
        null,
        1,
        1,
        null,
        1,
        null,
        1,
        null,
        1,
        null,
        1,
        1,
        null,
        1,
        0,
        null,
        null,
        null
      ],
      "/Users/reiz/workspace/versioneye/versioneye-core/lib/versioneye/models/submitted_url.rb": [
        1,
        null,
        1,
        1,
        null,
        1,
        1,
        1,
        1,
        1,
        1,
        1,
        1,
        null,
        1,
        null,
        1,
        1,
        1,
        null,
        1,
        1,
        1,
        1,
        2,
        null,
        null,
        1,
        1,
        null,
        null,
        1,
        3,
        2,
        null,
        null,
        1,
        11,
        null,
        null,
        1,
        2,
        1,
        1,
        0,
        null,
        1,
        null,
        1,
        null,
        null,
        1,
        2,
        1,
        1,
        0,
        null,
        1,
        null,
        1,
        null,
        null,
        1,
        2,
        1,
        null,
        null,
        null
      ],
      "/Users/reiz/workspace/versioneye/versioneye-core/lib/versioneye/models/spdx_license.rb": [
        1,
        null,
        1,
        1,
        null,
        1,
        1,
        1,
        null,
        1,
        1,
        null,
        null,
        1,
        0,
        null,
        null,
        1,
        2,
        null,
        1,
        1,
        1,
        null,
        null,
        null,
        1,
        2,
        null,
        1,
        1,
        1,
        null,
        null,
        null,
        null
      ],
      "/Users/reiz/workspace/versioneye/versioneye-core/lib/versioneye/models/user.rb": [
        1,
        null,
        1,
        null,
        1,
        1,
        null,
        1,
        1,
        1,
        1,
        1,
        1,
        1,
        1,
        1,
        1,
        1,
        1,
        1,
        1,
        null,
        1,
        1,
        1,
        1,
        null,
        1,
        1,
        1,
        null,
        1,
        1,
        1,
        1,
        null,
        1,
        1,
        1,
        1,
        1,
        null,
        1,
        1,
        1,
        null,
        1,
        1,
        null,
        1,
        1,
        null,
        1,
        null,
        null,
        1,
        null,
        1,
        null,
        null,
        1,
        1,
        1,
        1,
        1,
        1,
        1,
        1,
        null,
        1,
        null,
        null,
        1,
        1,
        1,
        1,
        1,
        null,
        1,
        1,
        1,
        1,
        1,
        1,
        1,
        null,
        1,
        1,
        null,
        1,
        1,
        null,
        1,
        1,
        null,
        1,
        null,
        1,
        null,
        1,
        null,
        1,
        1,
        1,
        null,
        1,
        null,
        null,
        1,
        1,
        null,
        null,
        1,
        194,
        194,
        194,
        194,
        194,
        null,
        null,
        1,
        4,
        4,
        null,
        null,
        1,
        0,
        null,
        0,
        0,
        null,
        null,
        1,
        0,
        0,
        0,
        0,
        null,
        null,
        null,
        1,
        0,
        0,
        null,
        null,
        0,
        0,
        null,
        null,
        1,
        0,
        0,
        null,
        0,
        0,
        0,
        null,
        null,
        1,
        4,
        4,
        4,
        null,
        4,
        1,
        null,
        4,
        4,
        1,
        null,
        4,
        null,
        null,
        null,
        1,
        5,
        null,
        3,
        3,
        null,
        2,
        2,
        2,
        null,
        null,
        null,
        1,
        4,
        null,
        null,
        1,
        23,
        23,
        23,
        23,
        null,
        null,
        1,
        27,
        25,
        25,
        25,
        null,
        null,
        1,
        40,
        39,
        null,
        0,
        0,
        0,
        null,
        null,
        1,
        1,
        null,
        null,
        1,
        3,
        null,
        null,
        1,
        0,
        null,
        null,
        1,
        3,
        null,
        null,
        1,
        6,
        null,
        null,
        1,
        4,
        2,
        null,
        null,
        1,
        4,
        2,
        null,
        null,
        1,
        0,
        0,
        null,
        null,
        1,
        2,
        null,
        null,
        1,
        2,
        null,
        null,
        1,
        0,
        null,
        null,
        null,
        1,
        12,
        null,
        null,
        1,
        12,
        null,
        null,
        1,
        4,
        null,
        null,
        1,
        5,
        5,
        5,
        4,
        null,
        null,
        null,
        1,
        2,
        2,
        2,
        null,
        0,
        0,
        0,
        null,
        null,
        1,
        1,
        1,
        null,
        1,
        1,
        null,
        1,
        null,
        0,
        0,
        0,
        null,
        null,
        1,
        0,
        null,
        null,
        1,
        2,
        2,
        null,
        null,
        1,
        3,
        null,
        3,
        3,
        3,
        null,
        null,
        1,
        2,
        2,
        null,
        null,
        1,
        2,
        2,
        2,
        null,
        null,
        1,
        0,
        0,
        0,
        0,
        null,
        0,
        0,
        null,
        0,
        0,
        0,
        null,
        null,
        0,
        0,
        0,
        0,
        null,
        null,
        1,
        1,
        1,
        0,
        null,
        1,
        1,
        null,
        1,
        1,
        0,
        null,
        null,
        1,
        1,
        1,
        1,
        1,
        null,
        null,
        1,
        0,
        0,
        0,
        null,
        0,
        0,
        null,
        0,
        0,
        0,
        null,
        null,
        0,
        0,
        0,
        0,
        0,
        0,
        null,
        null,
        1,
        1,
        1,
        0,
        0,
        null,
        null,
        null,
        1,
        5,
        5,
        5,
        5,
        5,
        null,
        null,
        1,
        2,
        1,
        1,
        null,
        2,
        null,
        null,
        1,
        8,
        6,
        6,
        null,
        8,
        null,
        null,
        null,
        1,
        null,
        null,
        null,
        null,
        null,
        null,
        0,
        null,
        null,
        1,
        781,
        781,
        null,
        null,
        1,
        2,
        2,
        2,
        2,
        null,
        0,
        null,
        null,
        1,
        null,
        1,
        855,
        1,
        1,
        null,
        null,
        854,
        0,
        0,
        null,
        null,
        854,
        null,
        null,
        1,
        876,
        868,
        null,
        null,
        1,
        876,
        776,
        null,
        null,
        1,
        854,
        null,
        767,
        767,
        767,
        767,
        null,
        1,
        1,
        1,
        null,
        null,
        1,
        876,
        null,
        null,
        1,
        5,
        5,
        55,
        5,
        null,
        null,
        1,
        776,
        null,
        null,
        1,
        789,
        null,
        null,
        1,
        1569,
        null,
        null,
        null
      ],
      "/Users/reiz/workspace/versioneye/versioneye-core/lib/versioneye/models/user_email.rb": [
        1,
        null,
        1,
        1,
        null,
        1,
        1,
        1,
        null,
        1,
        1,
        1,
        null,
        1,
        1,
        null,
        null,
        1,
        2,
        null,
        0,
        0,
        null,
        null,
        1,
        6,
        null,
        null,
        1,
        3,
        3,
        null,
        null,
        1,
        8,
        null,
        null,
        1,
        4,
        null,
        2,
        2,
        null,
        1,
        1,
        1,
        null,
        null,
        1,
        null,
        1,
[...]
        null,
        19,
        0,
        null,
        0,
        null,
        null,
        0,
        null,
        0,
        0,
        0,
        null,
        null,
        0,
        null,
        null,
        null
      ],
      "/Users/reiz/workspace/versioneye/versioneye-core/lib/versioneye/updaters/url_updater.rb": [
        1,
        null,
        null,
        1,
        3,
        3,
        null,
        3,
        3,
        0,
        0,
        null,
        null,
        3,
        3,
        2,
        null,
        1,
        1,
        1,
        1,
        null,
        null,
        null,
        null
      ],
      "/Users/reiz/workspace/versioneye/versioneye-core/lib/versioneye/remote_api/product_client.rb": [
        1,
        null,
        null,
        1,
        1,
        1,
        null,
        null,
        1,
        169,
        null,
        169,
        169,
        169,
        169,
        169,
        null,
        169,
        null,
        null,
        null,
        1,
        5,
        null,
        5,
        5,
        5,
        5,
        null,
        null,
        null,
        1,
        null,
        1,
        174,
        null,
        0,
        0,
        0,
        0,
        null,
        null,
        1,
        174,
        null,
        null,
        1,
        174,
        null,
        null,
        null
      ],
      "/Users/reiz/workspace/versioneye/versioneye-core/lib/versioneye/remote_api/me_client.rb": [
        1,
        null,
        null,
        1,
        1,
        1,
        null,
        null,
        1,
        2,
        null,
        2,
        2,
        null,
        null,
        null,
        1,
        null,
        1,
        2,
        null,
        0,
        0,
        0,
        0,
        null,
        null,
        null
      ],
      "/Users/reiz/workspace/versioneye/versioneye-core/lib/versioneye/migrations/versionlink_migration.rb": [
        1,
        null,
        null,
        1,
        0,
        0,
        null,
        0,
        0,
        null,
        0,
        0,
        0,
        0,
        null,
        0,
        0,
        null,
        null,
        null,
        null,
        null,
        null
      ],
      "/Users/reiz/workspace/versioneye/versioneye-core/lib/versioneye/migrations/product_migration.rb": [
        1,
        null,
        1,
        null,
        1,
        0,
        0,
        0,
        0,
        0,
        0,
        null,
        0,
        0,
        0,
        null,
        0,
        0,
        0,
        null,
        0,
        0,
        null,
        null,
        0,
        0,
        0,
        null,
        0,
        0,
        null,
        0,
        0,
        null,
        null,
        0,
        0,
        null,
        0,
        0,
        null,
        null,
        0,
        0,
        0,
        null,
        null,
        null,
        null,
        null,
        null,
        null,
        1,
        0,
        0,
        0,
        null,
        0,
        0,
        0,
        null,
        0,
        0,
        0,
        0,
        null,
        0,
        0,
        0,
        0,
        0,
        0,
        null,
        null,
        null,
        0,
        0,
        0,
        0,
        null,
        0,
        0,
        null,
        null,
        1,
        0,
        0,
        0,
        0,
        0,
        0,
        0,
        0,
        0,
        0,
        null,
        null,
        null,
        0,
        0,
        0,
        0,
        null,
        null,
        null
      ],
      "/Users/reiz/workspace/versioneye/versioneye-core/lib/versioneye/producers/producer.rb": [
        1,
        null,
        1,
        null,
        1,
        12,
        12,
        null,
        null,
        1,
        0,
        null,
        null,
        1,
        12,
        null,
        null,
        1,
        0,
        null,
        null,
        1,
        0,
        null,
        null,
        null
      ],
      "/Users/reiz/workspace/versioneye/versioneye-core/lib/versioneye/producers/dependency_badge_producer.rb": [
        1,
        null,
        1,
        1,
        1,
        null,
        1,
        1,
        null,
        1,
        null,
        1,
        1,
        1,
        null,
        1,
        null,
        0,
        0,
        null,
        null,
        null
      ],
      "/Users/reiz/workspace/versioneye/versioneye-core/lib/versioneye/producers/git_repo_file_import_producer.rb": [
        1,
        null,
        null,
        1,
        4,
        4,
        null,
        4,
        4,
        null,
        4,
        null,
        4,
        4,
        4,
        null,
        4,
        null,
        0,
        0,
        null,
        null,
        null,
        null
      ],
      "/Users/reiz/workspace/versioneye/versioneye-core/lib/versioneye/producers/git_repos_import_producer.rb": [
        1,
        null,
        null,
        1,
        0,
        0,
        null,
        0,
        0,
        null,
        0,
        null,
        0,
        0,
        0,
        null,
        0,
        null,
        0,
        0,
        null,
        null,
        null,
        null
      ],
      "/Users/reiz/workspace/versioneye/versioneye-core/lib/versioneye/producers/git_repo_import_producer.rb": [
        1,
        null,
        null,
        1,
        0,
        0,
        null,
        0,
        0,
        null,
        0,
        null,
        0,
        0,
        0,
        null,
        0,
        null,
        0,
        0,
        null,
        null,
        null,
        null
      ],
      "/Users/reiz/workspace/versioneye/versioneye-core/lib/versioneye/producers/language_daily_stats_producer.rb": [
        1,
        null,
        1,
        0,
        0,
        null,
        0,
        0,
        null,
        0,
        null,
        0,
        0,
        0,
        null,
        0,
        null,
        0,
        0,
        null,
        null,
        null
      ],
      "/Users/reiz/workspace/versioneye/versioneye-core/lib/versioneye/producers/project_update_producer.rb": [
        1,
        null,
        1,
        5,
        5,
        null,
        5,
        5,
        null,
        5,
        null,
        5,
        5,
        5,
        null,
        5,
        null,
        0,
        0,
        null,
        null,
        null
      ],
      "/Users/reiz/workspace/versioneye/versioneye-core/lib/versioneye/producers/update_meta_data_producer.rb": [
        1,
        null,
        1,
        0,
        0,
        null,
        0,
        0,
        null,
        0,
        null,
        0,
        0,
        0,
        null,
        0,
        null,
        0,
        0,
        null,
        null,
        null
      ],
      "/Users/reiz/workspace/versioneye/versioneye-core/lib/versioneye/producers/update_index_producer.rb": [
        1,
        null,
        1,
        0,
        0,
        null,
        0,
        0,
        null,
        0,
        null,
        0,
        0,
        0,
        null,
        0,
        null,
        0,
        0,
        null,
        null,
        null
      ],
      "/Users/reiz/workspace/versioneye/versioneye-core/lib/versioneye/producers/send_notification_emails_producer.rb": [
        1,
        null,
        1,
        0,
        0,
        null,
        0,
        0,
        null,
        0,
        null,
        0,
        0,
        0,
        null,
        0,
        null,
        0,
        0,
        null,
        null,
        null
      ],
      "/Users/reiz/workspace/versioneye/versioneye-core/lib/versioneye/producers/process_receipts_producer.rb": [
        1,
        null,
        1,
        0,
        0,
        null,
        0,
        0,
        null,
        0,
        null,
        0,
        0,
        0,
        null,
        0,
        null,
        0,
        0,
        null,
        null,
        null
      ],
      "/Users/reiz/workspace/versioneye/versioneye-core/lib/versioneye/producers/common_producer.rb": [
        1,
        null,
        1,
        2,
        2,
        null,
        2,
        2,
        null,
        2,
        null,
        2,
        2,
        2,
        null,
        2,
        null,
        0,
        0,
        null,
        null,
        null
      ],
      "/Users/reiz/workspace/versioneye/versioneye-core/lib/versioneye/producers/sync_producer.rb": [
        1,
        null,
        null,
        1,
        0,
        0,
        null,
        0,
        0,
        null,
        0,
        null,
        0,
        0,
        0,
        null,
        0,
        null,
        0,
        0,
        null,
        null,
        null,
        null
      ],
      "/Users/reiz/workspace/versioneye/versioneye-core/lib/versioneye/workers/worker.rb": [
        1,
        null,
        1,
        null,
        1,
        7,
        null,
        null,
        1,
        40,
        null,
        null,
        1,
        40,
        null,
        null,
        1,
        0,
        null,
        null,
        1,
        0,
        null,
        null,
        1,
        5,
        null,
        null,
        1,
        null,
        1,
        4,
        null,
        0,
        0,
        null,
        null,
        null
      ],
      "/Users/reiz/workspace/versioneye/versioneye-core/lib/versioneye/workers/dependency_badge_worker.rb": [
        1,
        1,
        null,
        1,
        null,
        1,
        null,
        1,
        2,
        2,
        2,
        2,
        null,
        2,
        2,
        2,
        null,
        2,
        2,
        1,
        1,
        1,
        null,
        1,
        null,
        1,
        1,
        1,
        null,
        1,
        null,
        0,
        0,
        0,
        0,
        null,
        null,
        null,
        null,
        1,
        null,
        null,
        1,
        1,
        0,
        null,
        1,
        null,
        null,
        0,
        0,
        null,
        null,
        null,
        null
      ],
      "/Users/reiz/workspace/versioneye/versioneye-core/lib/versioneye/workers/git_repo_file_import_worker.rb": [
        1,
        1,
        null,
        1,
        null,
        1,
        null,
        1,
        4,
        4,
        4,
        4,
        null,
        4,
        4,
        4,
        null,
        4,
        4,
        4,
        4,
        4,
        null,
        4,
        null,
        4,
        4,
        4,
        null,
        4,
        null,
        0,
        0,
        0,
        0,
        null,
        null,
        null,
        null,
        1,
        null,
        null,
        1,
        4,
        4,
        4,
        4,
        4,
        4,
        4,
        4,
        null,
        4,
        4,
        0,
        0,
        null,
        null,
        4,
        4,
        0,
        null,
        1,
        null,
        1,
        1,
        null,
        1,
        null,
        1,
        1,
        null,
        null,
        4,
        4,
        null,
        null,
        0,
        0,
        0,
        null,
        null,
        null,
        null
      ],
      "/Users/reiz/workspace/versioneye/versioneye-core/lib/versioneye/workers/git_repos_import_worker.rb": [
        1,
        null,
        null,
        1,
        0,
        0,
        0,
        0,
        null,
        0,
        0,
        0,
        null,
        0,
        0,
        0,
        0,
        0,
        null,
        0,
        null,
        0,
        null,
        0,
        0,
        0,
        0,
        null,
        null,
        null,
        null,
        1,
        null,
        null,
        1,
        0,
        0,
        0,
        0,
        null,
        0,
        0,
        0,
        null,
        0,
        0,
        0,
        0,
        0,
        0,
        null,
        null,
        0,
        0,
        null,
        null,
        null,
        1,
        0,
        null,
        0,
        null,
        0,
        0,
        0,
        null,
        0,
        0,
        0,
        null,
        0,
        0,
        0,
        null,
        0,
        0,
        null,
        null,
        null,
        1,
        0,
        null,
        0,
        0,
        null,
        0,
        null,
        0,
        0,
        0,
        null,
        0,
        0,
        null,
        null,
        null,
        1,
        0,
        null,
        0,
        0,
        null,
        0,
        0,
        0,
        0,
        null,
        0,
        0,
        null,
        null,
        null,
        null
      ],
      "/Users/reiz/workspace/versioneye/versioneye-core/lib/versioneye/workers/git_repo_import_worker.rb": [
        1,
        1,
        null,
        1,
        null,
        1,
        null,
        1,
        0,
        0,
        0,
        0,
        null,
        0,
        0,
        0,
        null,
        0,
        0,
        0,
        0,
        0,
        null,
        0,
        0,
        null,
        0,
        null,
        0,
        0,
        0,
        0,
        null,
        null,
        null,
        null,
        1,
        null,
        null,
        1,
        0,
        0,
        0,
        0,
        0,
        0,
        null,
        0,
        0,
        0,
        0,
        0,
        0,
        null,
        null,
        0,
        0,
        null,
        null,
        null,
        1,
        0,
        0,
        0,
        0,
        0,
        0,
        null,
        0,
        null,
        0,
        0,
        0,
        null,
        0,
        0,
        null,
        null,
        null,
        1,
        0,
        0,
        0,
        0,
        0,
        0,
        null,
        0,
        0,
        null,
        0,
        0,
        0,
        null,
        0,
        0,
        null,
        null,
        null,
        1,
        0,
        0,
        0,
        0,
        0,
        0,
        0,
        null,
        0,
        0,
        null,
        0,
        0,
        0,
        null,
        0,
        0,
        null,
        null,
        null,
        null
      ],
      "/Users/reiz/workspace/versioneye/versioneye-core/lib/versioneye/workers/language_daily_stats_worker.rb": [
        1,
        null,
        null,
        1,
        0,
        0,
        0,
        0,
        null,
        0,
        0,
        0,
        null,
        0,
        0,
        0,
        0,
        0,
        null,
        0,
        null,
        0,
        null,
        0,
        0,
        0,
        0,
        null,
        null,
        null,
        null,
        1,
        0,
        null,
        0,
        0,
        null,
        null,
        null,
        null
      ],
      "/Users/reiz/workspace/versioneye/versioneye-core/lib/versioneye/workers/project_update_worker.rb": [
        1,
        null,
        null,
        null,
        null,
        1,
        1,
        1,
        1,
        1,
        null,
        1,
        1,
        1,
        null,
        1,
        1,
        5,
        5,
        5,
        null,
        5,
        null,
        5,
        5,
        5,
        null,
        5,
        null,
        0,
        0,
        0,
        0,
        null,
        null,
        null,
        null,
        1,
        5,
        0,
        0,
        null,
        5,
        5,
        null,
        0,
        null,
        0,
        0,
        null,
        null,
        null,
        null,
        null,
        null,
        null,
        null,
        1,
        0,
        0,
        null,
        0,
        0,
        null,
        null,
        1,
        5,
        5,
        5,
        5,
        5,
        5,
        5,
        5,
        null,
        5,
        1,
        null,
        4,
        4,
        null,
        null,
        null,
        null
      ],
      "/Users/reiz/workspace/versioneye/versioneye-core/lib/versioneye/workers/update_meta_data_worker.rb": [
        1,
        null,
        1,
        0,
        0,
        0,
        0,
        null,
        0,
        0,
        0,
        null,
        0,
        0,
        0,
        0,
        0,
        null,
        0,
        null,
        0,
        null,
        0,
        0,
        0,
        0,
        null,
        null,
        null,
        null,
        1,
        0,
        null,
        0,
        0,
        null,
        null,
        null
      ],
      "/Users/reiz/workspace/versioneye/versioneye-core/lib/versioneye/workers/update_index_worker.rb": [
        1,
        null,
        null,
        1,
        0,
        0,
        0,
        0,
        null,
        0,
        0,
        0,
        null,
        0,
        0,
        0,
        0,
        0,
        null,
        0,
        null,
        0,
        null,
        0,
        0,
        0,
        0,
        null,
        null,
        null,
        null,
        1,
        0,
        0,
        null,
        0,
        0,
        null,
        null,
        null,
        null
      ],
      "/Users/reiz/workspace/versioneye/versioneye-core/lib/versioneye/workers/send_notification_emails_worker.rb": [
        1,
        null,
        1,
        0,
        0,
        0,
        0,
        null,
        0,
        0,
        0,
        null,
        0,
        0,
        0,
        0,
        0,
        null,
        0,
        null,
        0,
        null,
        0,
        0,
        0,
        0,
        null,
        null,
        null,
        1,
        0,
        null,
        0,
        0,
        null,
        null,
        null
      ],
      "/Users/reiz/workspace/versioneye/versioneye-core/lib/versioneye/workers/process_receipts_worker.rb": [
        1,
        null,
        1,
        0,
        0,
        0,
        0,
        null,
        0,
        0,
        0,
        null,
        0,
        0,
        0,
        0,
        0,
        null,
        0,
        null,
        0,
        null,
        0,
        0,
        0,
        0,
        null,
        null,
        null,
        null,
        1,
        0,
        null,
        0,
        0,
        null,
        null,
        null
      ],
      "/Users/reiz/workspace/versioneye/versioneye-core/lib/versioneye/workers/common_worker.rb": [
        1,
        null,
        null,
        1,
        0,
        0,
        0,
        0,
        null,
        0,
        0,
        0,
        null,
        0,
        0,
        0,
        null,
        0,
        null,
        0,
        null,
        0,
        0,
        0,
        0,
        null,
        null,
        null,
        null,
        1,
        0,
        null,
        0,
        0,
        null,
        0,
        null,
        0,
        null,
        0,
        null,
        0,
        null,
        0,
        null,
        0,
        null,
        0,
        null,
        null,
        0,
        null,
        0,
        0,
        null,
        null,
        null,
        null
      ],
      "/Users/reiz/workspace/versioneye/versioneye-core/lib/versioneye/workers/sync_worker.rb": [
        1,
        null,
        null,
        1,
        0,
        0,
        0,
        0,
        null,
        0,
        0,
        0,
        null,
        0,
        0,
        0,
        null,
        0,
        null,
        0,
        null,
        0,
        0,
        0,
        0,
        null,
        null,
        null,
        null,
        1,
        0,
        null,
        0,
        0,
        0,
        0,
        0,
        0,
        null,
        null,
        null,
        null
      ]
    },
    "timestamp": 1440509545
  }
}
